生成启动时间为 2018/8/20 16:47:49。
     1>项目“E:\document\subway_tunnel_program\SEControl\SEControl\SEControl.vcxproj”在节点 2 上(Build 个目标)。
     1>ClCompile:
         F:\Program Files (x86)\Microsoft Visual Studio 12.0\VC\bin\x86_amd64\CL.exe /c /Zi /nologo /W3 /WX- /sdl /Od /D _WINDOWS /D _DEBUG /D _UNICODE /D UNICODE /Gm /EHsc /RTC1 /MTd /GS /fp:precise /Zc:wchar_t /Zc:forScope /Yc"stdafx.h" /Fp"x64\Debug\SEControl.pch" /Fo"x64\Debug\\" /Fd"x64\Debug\vc120.pdb" /Gd /TP /errorReport:prompt stdafx.cpp
         stdafx.cpp
         F:\Program Files (x86)\Microsoft Visual Studio 12.0\VC\bin\x86_amd64\CL.exe /c /Zi /nologo /W3 /WX- /sdl /Od /D _WINDOWS /D _DEBUG /D _UNICODE /D UNICODE /Gm /EHsc /RTC1 /MTd /GS /fp:precise /Zc:wchar_t /Zc:forScope /Yu"stdafx.h" /Fp"x64\Debug\SEControl.pch" /Fo"x64\Debug\\" /Fd"x64\Debug\vc120.pdb" /Gd /TP /errorReport:prompt SEControl.cpp SEControlDlg.cpp
         SEControlDlg.cpp
         SEControl.cpp
         正在生成代码...
       ResourceCompile:
         C:\Program Files (x86)\Windows Kits\8.1\bin\x86\rc.exe /D _DEBUG /D _UNICODE /D UNICODE /l"0x0804" /Ix64\Debug\ /nologo /fo"x64\Debug\SEControl.res" SEControl.rc 
       Link:
         F:\Program Files (x86)\Microsoft Visual Studio 12.0\VC\bin\x86_amd64\link.exe /ERRORREPORT:PROMPT /OUT:"E:\document\subway_tunnel_program\SEControl\x64\Debug\SEControl.exe" /INCREMENTAL /NOLOGO /MANIFEST /MANIFESTUAC:"level='asInvoker' uiAccess='false'" /manifest:embed /manifestinput:"F:\Program Files (x86)\Microsoft Visual Studio 12.0\VC\Include\Manifest\dpiaware.manifest" /PDB:"E:\document\subway_tunnel_program\SEControl\x64\Debug\SEControl.pdb" /SUBSYSTEM:WINDOWS /TLBID:1 /ENTRY:"wWinMainCRTStartup" /DYNAMICBASE /NXCOMPAT /IMPLIB:"E:\document\subway_tunnel_program\SEControl\x64\Debug\SEControl.lib" /MACHINE:X64 x64\Debug\SEControl.res
         x64\Debug\SEControl.obj
         x64\Debug\SEControlDlg.obj
         x64\Debug\stdafx.obj
         SEControl.vcxproj -> E:\document\subway_tunnel_program\SEControl\x64\Debug\SEControl.exe
     1>已完成生成项目“E:\document\subway_tunnel_program\SEControl\SEControl\SEControl.vcxproj”(Build 个目标)的操作。

生成成功。

已用时间 00:00:17.91
