生成启动时间为 2018/8/28 15:42:05。
     1>项目“E:\document\subway_tunnel_program\SEControl\SEControl\SEControl.vcxproj”在节点 2 上(Build 个目标)。
     1>ClCompile:
         F:\Program Files (x86)\Microsoft Visual Studio 12.0\VC\bin\x86_amd64\CL.exe /c /Zi /nologo /W3 /WX- /sdl /O2 /Oi /GL /D _WINDOWS /D NDEBUG /D _UNICODE /D UNICODE /Gm- /EHsc /MT /GS /Gy /fp:precise /Zc:wchar_t /Zc:forScope /Yc"stdafx.h" /Fp"x64\Release\SEControl.pch" /Fo"x64\Release\\" /Fd"x64\Release\vc120.pdb" /Gd /TP /errorReport:prompt stdafx.cpp
         stdafx.cpp
         F:\Program Files (x86)\Microsoft Visual Studio 12.0\VC\bin\x86_amd64\CL.exe /c /Zi /nologo /W3 /WX- /sdl /O2 /Oi /GL /D _WINDOWS /D NDEBUG /D _UNICODE /D UNICODE /Gm- /EHsc /MT /GS /Gy /fp:precise /Zc:wchar_t /Zc:forScope /Yu"stdafx.h" /Fp"x64\Release\SEControl.pch" /Fo"x64\Release\\" /Fd"x64\Release\vc120.pdb" /Gd /TP /errorReport:prompt SEControl.cpp SEControlDlg.cpp
         SEControl.cpp
         SEControlDlg.cpp
       ResourceCompile:
         C:\Program Files (x86)\Windows Kits\8.1\bin\x86\rc.exe /D NDEBUG /D _UNICODE /D UNICODE /l"0x0804" /Ix64\Release\ /nologo /fo"x64\Release\SEControl.res" SEControl.rc 
       Link:
         F:\Program Files (x86)\Microsoft Visual Studio 12.0\VC\bin\x86_amd64\link.exe /ERRORREPORT:PROMPT /OUT:"E:\document\subway_tunnel_program\SEControl\x64\Release\SEControl.exe" /INCREMENTAL:NO /NOLOGO /MANIFEST /MANIFESTUAC:"level='asInvoker' uiAccess='false'" /manifest:embed /manifestinput:"F:\Program Files (x86)\Microsoft Visual Studio 12.0\VC\Include\Manifest\dpiaware.manifest" /PDB:"E:\document\subway_tunnel_program\SEControl\x64\Release\SEControl.pdb" /SUBSYSTEM:WINDOWS /OPT:REF /OPT:ICF /LTCG /TLBID:1 /ENTRY:"wWinMainCRTStartup" /DYNAMICBASE /NXCOMPAT /IMPLIB:"E:\document\subway_tunnel_program\SEControl\x64\Release\SEControl.lib" /MACHINE:X64 x64\Release\SEControl.res
         x64\Release\SEControl.obj
         x64\Release\SEControlDlg.obj
         x64\Release\stdafx.obj
         正在生成代码
         已完成代码的生成
         SEControl.vcxproj -> E:\document\subway_tunnel_program\SEControl\x64\Release\SEControl.exe
     1>已完成生成项目“E:\document\subway_tunnel_program\SEControl\SEControl\SEControl.vcxproj”(Build 个目标)的操作。

生成成功。

已用时间 00:00:16.98
